run_dir: /mnt/c/Users/Student/Desktop/wissam/a-iat-research/train_runs/24-06-2026_01-26-51_floodcastbench_latent_mamba_h20
device: cuda
model: name=flood_latent_temporal activation=identity final_bias_init=None
normalization: mode=standard stats_path=outputs/floodcastbench_normalization/water_depth_australia_30m_train_input5_h20_stats.json
train_samples: 1992 | val_samples: 408
epoch 1: train_loss=0.00295209 val_rmse_raw=0.0223785 val_mae_raw=0.0136085
  train first batch: pred_min=-0.00690939 | pred_max=6.20706 | pred_mean=0.0126109 | negative_prediction_ratio=0.772019 | target_mean=0.0217491
  val first batch: pred_min=-0.0320444 | pred_max=18.7712 | pred_mean=0.287408 | negative_prediction_ratio=0.00307905 | target_mean=0.287799
epoch 2: train_loss=0.0028345 val_rmse_raw=0.0253711 val_mae_raw=0.015741
  train first batch: pred_min=-0.00754496 | pred_max=11.2601 | pred_mean=0.0510681 | negative_prediction_ratio=0.00168023 | target_mean=0.0503753
  val first batch: pred_min=-0.0339235 | pred_max=18.927 | pred_mean=0.289564 | negative_prediction_ratio=0.00418777 | target_mean=0.287799
epoch 3: train_loss=0.00280412 val_rmse_raw=0.0239611 val_mae_raw=0.0139292
  train first batch: pred_min=-0.00984347 | pred_max=10.7001 | pred_mean=0.0455641 | negative_prediction_ratio=0.00340824 | target_mean=0.0436975
  val first batch: pred_min=-0.0615908 | pred_max=18.9932 | pred_mean=0.287369 | negative_prediction_ratio=0.0131435 | target_mean=0.287799
epoch 4: train_loss=0.00278456 val_rmse_raw=0.0253945 val_mae_raw=0.0155081
  train first batch: pred_min=-0.03061 | pred_max=15.0893 | pred_mean=0.132207 | negative_prediction_ratio=0.0206201 | target_mean=0.132406
  val first batch: pred_min=-0.071867 | pred_max=18.944 | pred_mean=0.289323 | negative_prediction_ratio=0.00960672 | target_mean=0.287799
epoch 5: train_loss=0.00277074 val_rmse_raw=0.024061 val_mae_raw=0.0144629
  train first batch: pred_min=-0.0125788 | pred_max=10.7816 | pred_mean=0.0838822 | negative_prediction_ratio=0.0206579 | target_mean=0.0818488
  val first batch: pred_min=-0.0413229 | pred_max=18.76 | pred_mean=0.288334 | negative_prediction_ratio=0.0135708 | target_mean=0.287799
epoch 6: train_loss=0.00276009 val_rmse_raw=0.0256869 val_mae_raw=0.0159314
  train first batch: pred_min=-0.0041251 | pred_max=5.64307 | pred_mean=0.0255207 | negative_prediction_ratio=0.00351767 | target_mean=0.030077
  val first batch: pred_min=-0.136494 | pred_max=19.0073 | pred_mean=0.290033 | negative_prediction_ratio=0.00532168 | target_mean=0.287799
epoch 7: train_loss=0.00274624 val_rmse_raw=0.0261552 val_mae_raw=0.0161411
  train first batch: pred_min=-0.0133145 | pred_max=11.3124 | pred_mean=0.0894456 | negative_prediction_ratio=0.0106073 | target_mean=0.0878669
  val first batch: pred_min=-0.106509 | pred_max=19.0128 | pred_mean=0.290109 | negative_prediction_ratio=0.00573251 | target_mean=0.287799
epoch 8: train_loss=0.00274374 val_rmse_raw=0.0248906 val_mae_raw=0.0152743
  train first batch: pred_min=-0.0115066 | pred_max=10.415 | pred_mean=0.0534264 | negative_prediction_ratio=0.00528867 | target_mean=0.0537042
  val first batch: pred_min=-0.0373154 | pred_max=18.8062 | pred_mean=0.289295 | negative_prediction_ratio=0.0048279 | target_mean=0.287799
epoch 9: train_loss=0.00273248 val_rmse_raw=0.0260553 val_mae_raw=0.0157292
  train first batch: pred_min=-0.0227909 | pred_max=15.791 | pred_mean=0.145889 | negative_prediction_ratio=0.0097926 | target_mean=0.147924
  val first batch: pred_min=-0.0557573 | pred_max=18.958 | pred_mean=0.289637 | negative_prediction_ratio=0.0110485 | target_mean=0.287799
epoch 10: train_loss=0.00272432 val_rmse_raw=0.0317018 val_mae_raw=0.0196326
  train first batch: pred_min=-0.0140926 | pred_max=10.4827 | pred_mean=0.0424142 | negative_prediction_ratio=0.0125559 | target_mean=0.0418151
  val first batch: pred_min=-0.0210138 | pred_max=18.7821 | pred_mean=0.293056 | negative_prediction_ratio=0.00169196 | target_mean=0.287799
epoch 11: train_loss=0.00271398 val_rmse_raw=0.0313959 val_mae_raw=0.0194763
  train first batch: pred_min=-0.00556637 | pred_max=11.2766 | pred_mean=0.0890819 | negative_prediction_ratio=0.0082991 | target_mean=0.087168
  val first batch: pred_min=-0.0394449 | pred_max=19.0345 | pred_mean=0.293389 | negative_prediction_ratio=0.00324495 | target_mean=0.287799
epoch 12: train_loss=0.00270546 val_rmse_raw=0.0274288 val_mae_raw=0.0174104
  train first batch: pred_min=-0.0106 | pred_max=10.7328 | pred_mean=0.0456027 | negative_prediction_ratio=0.0172327 | target_mean=0.0438565
  val first batch: pred_min=-0.0241933 | pred_max=18.9391 | pred_mean=0.291476 | negative_prediction_ratio=0.00177317 | target_mean=0.287799
epoch 13: train_loss=0.00270896 val_rmse_raw=0.0259509 val_mae_raw=0.0154834
  train first batch: pred_min=-0.00471894 | pred_max=8.43167 | pred_mean=0.0494329 | negative_prediction_ratio=0.00119036 | target_mean=0.048948
  val first batch: pred_min=-0.0419424 | pred_max=18.8029 | pred_mean=0.289366 | negative_prediction_ratio=0.0106069 | target_mean=0.287799
epoch 14: train_loss=0.0026993 val_rmse_raw=0.0294957 val_mae_raw=0.0181395
  train first batch: pred_min=-0.0274608 | pred_max=16.3087 | pred_mean=0.15779 | negative_prediction_ratio=0.0183566 | target_mean=0.159195
  val first batch: pred_min=-0.0312734 | pred_max=18.8596 | pred_mean=0.292079 | negative_prediction_ratio=0.00362277 | target_mean=0.287799
epoch 15: train_loss=0.00268156 val_rmse_raw=0.0304477 val_mae_raw=0.0197469
  train first batch: pred_min=-0.00937936 | pred_max=10.7659 | pred_mean=0.0451506 | negative_prediction_ratio=0.00477622 | target_mean=0.04377
  val first batch: pred_min=-0.0290356 | pred_max=18.9056 | pred_mean=0.293913 | negative_prediction_ratio=0.00395717 | target_mean=0.287799
epoch 16: train_loss=0.00267679 val_rmse_raw=0.0326842 val_mae_raw=0.0202167
  train first batch: pred_min=-0.0103241 | pred_max=11.6865 | pred_mean=0.0539244 | negative_prediction_ratio=0.00683514 | target_mean=0.0526306
  val first batch: pred_min=-0.0334334 | pred_max=18.773 | pred_mean=0.293748 | negative_prediction_ratio=0.00427549 | target_mean=0.287799
early stopping after epoch 16
test_rmse_raw=0.0203474 test_mae_raw=0.0139675
  test first batch: pred_min=-0.0312196 | pred_max=18.397 | pred_mean=0.377776 | negative_prediction_ratio=0.022458 | target_mean=0.363952
summary: /mnt/c/Users/Student/Desktop/wissam/a-iat-research/train_runs/24-06-2026_01-26-51_floodcastbench_latent_mamba_h20/summary.json
raw_root_mtime_unchanged: True
